Using pre-set license
Built from '2020.3/staging' branch; Version is '2020.3.18f1 (a7d1c678663c) revision 10998214'; Using compiler version '192528614'; Build Type 'Release'
OS: 'Windows 10 Pro; OS build 19042.1466; Version 2009; 64bit' Language: 'en' Physical Memory: 32680 MB
BatchMode: 1, IsHumanControllingUs: 0, StartBugReporterOnCrash: 0, Is64bit: 1, IsPro: 0

COMMAND LINE ARGUMENTS:
e:\Unity\2020.3.18f1\Editor\Unity.exe
-adb2
-batchMode
-noUpm
-name
AssetImportWorker0
-projectPath
E:/desk/Git/UnityML-Driving/UnityML-Driving
-logFile
Logs/AssetImportWorker0.log
-srvPort
60767
Successfully changed project path to: E:/desk/Git/UnityML-Driving/UnityML-Driving
E:/desk/Git/UnityML-Driving/UnityML-Driving
Using Asset Import Pipeline V2.
Refreshing native plugins compatible for Editor in 38.55 ms, found 3 plugins.
Preloading 0 native plugins for Editor in 0.00 ms.
Initialize engine version: 2020.3.18f1 (a7d1c678663c)
[Subsystems] Discovering subsystems at path e:/Unity/2020.3.18f1/Editor/Data/Resources/UnitySubsystems
[Subsystems] Discovering subsystems at path E:/desk/Git/UnityML-Driving/UnityML-Driving/Assets
GfxDevice: creating device client; threaded=0
Direct3D:
    Version:  Direct3D 11.0 [level 11.1]
    Renderer: NVIDIA GeForce RTX 3080 (ID=0x2206)
    Vendor:   
    VRAM:     10077 MB
    Driver:   30.0.15.1117
Initialize mono
Mono path[0] = 'e:/Unity/2020.3.18f1/Editor/Data/Managed'
Mono path[1] = 'e:/Unity/2020.3.18f1/Editor/Data/MonoBleedingEdge/lib/mono/unityjit'
Mono config path = 'e:/Unity/2020.3.18f1/Editor/Data/MonoBleedingEdge/etc'
Using monoOptions --debugger-agent=transport=dt_socket,embedding=1,server=y,suspend=n,address=127.0.0.1:56660
Begin MonoManager ReloadAssembly
Registering precompiled unity dll's ...
Register platform support module: e:/Unity/2020.3.18f1/Editor/Data/PlaybackEngines/WindowsStandaloneSupport/UnityEditor.WindowsStandalone.Extensions.dll
Registered in 0.001102 seconds.
Native extension for WindowsStandalone target not found
Refreshing native plugins compatible for Editor in 34.26 ms, found 3 plugins.
Preloading 0 native plugins for Editor in 0.00 ms.
Mono: successfully reloaded assembly
- Completed reload, in  1.293 seconds
Domain Reload Profiling:
	ReloadAssembly (1293ms)
		BeginReloadAssembly (60ms)
			ExecutionOrderSort (0ms)
			DisableScriptedObjects (0ms)
			BackupInstance (0ms)
			ReleaseScriptingObjects (0ms)
			CreateAndSetChildDomain (1ms)
		EndReloadAssembly (389ms)
			LoadAssemblies (59ms)
			RebuildTransferFunctionScriptingTraits (0ms)
			SetupTypeCache (141ms)
			ReleaseScriptCaches (0ms)
			RebuildScriptCaches (33ms)
			SetupLoadedEditorAssemblies (148ms)
				LogAssemblyErrors (0ms)
				InitializePlatformSupportModulesInManaged (3ms)
				SetLoadedEditorAssemblies (0ms)
				RefreshPlugins (34ms)
				BeforeProcessingInitializeOnLoad (14ms)
				ProcessInitializeOnLoadAttributes (70ms)
				ProcessInitializeOnLoadMethodAttributes (26ms)
				AfterProcessingInitializeOnLoad (0ms)
				EditorAssembliesLoaded (0ms)
			ExecutionOrderSort2 (0ms)
			AwakeInstancesAfterBackupRestoration (0ms)
Platform modules already initialized, skipping
Registering precompiled user dll's ...
Registered in 0.005569 seconds.
Begin MonoManager ReloadAssembly
Native extension for WindowsStandalone target not found
Refreshing native plugins compatible for Editor in 34.09 ms, found 3 plugins.
Preloading 0 native plugins for Editor in 0.00 ms.
Mono: successfully reloaded assembly
- Completed reload, in  1.731 seconds
Domain Reload Profiling:
	ReloadAssembly (1732ms)
		BeginReloadAssembly (136ms)
			ExecutionOrderSort (0ms)
			DisableScriptedObjects (4ms)
			BackupInstance (0ms)
			ReleaseScriptingObjects (0ms)
			CreateAndSetChildDomain (18ms)
		EndReloadAssembly (1544ms)
			LoadAssemblies (102ms)
			RebuildTransferFunctionScriptingTraits (0ms)
			SetupTypeCache (260ms)
			ReleaseScriptCaches (1ms)
			RebuildScriptCaches (45ms)
			SetupLoadedEditorAssemblies (1042ms)
				LogAssemblyErrors (0ms)
				InitializePlatformSupportModulesInManaged (3ms)
				SetLoadedEditorAssemblies (0ms)
				RefreshPlugins (34ms)
				BeforeProcessingInitializeOnLoad (69ms)
				ProcessInitializeOnLoadAttributes (928ms)
				ProcessInitializeOnLoadMethodAttributes (5ms)
				AfterProcessingInitializeOnLoad (2ms)
				EditorAssembliesLoaded (0ms)
			ExecutionOrderSort2 (0ms)
			AwakeInstancesAfterBackupRestoration (6ms)
Platform modules already initialized, skipping
========================================================================
Worker process is ready to serve import requests
Launched and connected shader compiler UnityShaderCompiler.exe after 0.07 seconds
Refreshing native plugins compatible for Editor in 1.00 ms, found 3 plugins.
Preloading 0 native plugins for Editor in 0.00 ms.
Unloading 1930 Unused Serialized files (Serialized files now loaded: 0)
System memory in use before: 90.7 MB.
System memory in use after: 90.8 MB.

Unloading 29 unused Assets to reduce memory usage. Loaded Objects now: 2354.
Total: 3.433500 ms (FindLiveObjects: 0.302700 ms CreateObjectMapping: 0.051600 ms MarkObjects: 2.994100 ms  DeleteObjects: 0.082400 ms)

AssetImportParameters requested are different than current active one (requested -> active):
  custom:framework-win-MediaFoundation: 216162199b28c13a410421893ffa2e32 -> 
  custom:video-decoder-ogg-theora: a1e56fd34408186e4bbccfd4996cb3dc -> 
  custom:container-muxer-webm: aa71ff27fc2769a1b78a27578f13a17b -> 
  custom:container-demuxer-webm: 4f35f7cbe854078d1ac9338744f61a02 -> 
  custom:container-demuxer-ogg: 62fdf1f143b41e24485cea50d1cbac27 -> 
  custom:video-encoder-webm-vp8: eb34c28f22e8b96e1ab97ce403110664 -> 
  custom:video-codec-MediaFoundation-h265: 746d11721c4dcdbdad8f713fa42b33f4 -> 
  custom:video-decoder-webm-vp8: 9c59270c3fd7afecdb556c50c9e8de78 -> 
  custom:audio-decoder-ogg-vorbis: bf7c407c2cedff20999df2af8eb42d56 -> 
  custom:audio-encoder-webm-vorbis: bf7c407c2cedff20999df2af8eb42d56 -> 
========================================================================
Received Import Request.
  path: Assets/ML-Agents/Examples/3DBall/Demos/Expert3DBall.demo
  artifactKey: Guid(bbf6756da134740eaa002a1b84f655cb) Importer(815301076,1909f56bfc062723c751e8b465ee728b)
Start importing Assets/ML-Agents/Examples/3DBall/Demos/Expert3DBall.demo using Guid(bbf6756da134740eaa002a1b84f655cb) Importer(815301076,1909f56bfc062723c751e8b465ee728b)  -> (artifact id: 'c5656345f00300f67fbbd8d144f7b09a') in 0.033218 seconds 
  Import took 0.036151 seconds .

========================================================================
Received Import Request.
  Time since last request: 0.000250 seconds.
  path: Assets/ML-Agents/Examples/3DBall/Demos/Expert3DBallHard.demo
  artifactKey: Guid(6942431e411b146be9a597663eca89af) Importer(815301076,1909f56bfc062723c751e8b465ee728b)
Start importing Assets/ML-Agents/Examples/3DBall/Demos/Expert3DBallHard.demo using Guid(6942431e411b146be9a597663eca89af) Importer(815301076,1909f56bfc062723c751e8b465ee728b)  -> (artifact id: '283bd60c7b55408e0783b8058cca6342') in 0.005368 seconds 
  Import took 0.009090 seconds .

========================================================================
Received Import Request.
  Time since last request: 27.113585 seconds.
  path: Assets/ML-Agents/Examples/3DBall/Scripts/Ball3DAgent.cs
  artifactKey: Guid(aaba48bf82bee4751aa7b89569e57f73) Importer(815301076,1909f56bfc062723c751e8b465ee728b)
Start importing Assets/ML-Agents/Examples/3DBall/Scripts/Ball3DAgent.cs using Guid(aaba48bf82bee4751aa7b89569e57f73) Importer(815301076,1909f56bfc062723c751e8b465ee728b)  -> (artifact id: 'b75eae7232aade5eeaa44bcb32187613') in 0.010937 seconds 
  Import took 0.014033 seconds .

========================================================================
Received Import Request.
  Time since last request: 0.021791 seconds.
  path: Assets/ML-Agents/Examples/3DBall/Scripts/Ball3DAgent.cs
  artifactKey: Guid(aaba48bf82bee4751aa7b89569e57f73) Importer(815301076,1909f56bfc062723c751e8b465ee728b)
Start importing Assets/ML-Agents/Examples/3DBall/Scripts/Ball3DAgent.cs using Guid(aaba48bf82bee4751aa7b89569e57f73) Importer(815301076,1909f56bfc062723c751e8b465ee728b)  -> (artifact id: 'b75eae7232aade5eeaa44bcb32187613') in 0.002904 seconds 
  Import took 0.005982 seconds .

========================================================================
Received Import Request.
  Time since last request: 181.647384 seconds.
  path: Assets/ML-Agents/Examples/3DBall/Scenes/3DBallHard.unity
  artifactKey: Guid(35c41099ceec44889bdbe95ed86c97ac) Importer(815301076,1909f56bfc062723c751e8b465ee728b)
Start importing Assets/ML-Agents/Examples/3DBall/Scenes/3DBallHard.unity using Guid(35c41099ceec44889bdbe95ed86c97ac) Importer(815301076,1909f56bfc062723c751e8b465ee728b)  -> (artifact id: 'dfde99b960b122c6af2ea45f061651ec') in 0.004346 seconds 
  Import took 0.008028 seconds .

========================================================================
Received Import Request.
  Time since last request: 5.808167 seconds.
  path: Assets/ML-Agents/Examples/3DBall/Scenes/Visual3DBall.unity
  artifactKey: Guid(345b1ab9777d749dd885c6ea9f138d57) Importer(815301076,1909f56bfc062723c751e8b465ee728b)
Start importing Assets/ML-Agents/Examples/3DBall/Scenes/Visual3DBall.unity using Guid(345b1ab9777d749dd885c6ea9f138d57) Importer(815301076,1909f56bfc062723c751e8b465ee728b)  -> (artifact id: 'a7510a0a7643bfc18d2d8bb0f02b3a6c') in 0.003712 seconds 
  Import took 0.006563 seconds .

========================================================================
Received Prepare
Registering precompiled user dll's ...
Registered in 0.006296 seconds.
Begin MonoManager ReloadAssembly
Native extension for WindowsStandalone target not found
Refreshing native plugins compatible for Editor in 0.53 ms, found 3 plugins.
Preloading 0 native plugins for Editor in 0.00 ms.
Mono: successfully reloaded assembly
- Completed reload, in  1.190 seconds
Domain Reload Profiling:
	ReloadAssembly (1191ms)
		BeginReloadAssembly (166ms)
			ExecutionOrderSort (0ms)
			DisableScriptedObjects (7ms)
			BackupInstance (0ms)
			ReleaseScriptingObjects (0ms)
			CreateAndSetChildDomain (42ms)
		EndReloadAssembly (963ms)
			LoadAssemblies (150ms)
			RebuildTransferFunctionScriptingTraits (0ms)
			SetupTypeCache (283ms)
			ReleaseScriptCaches (1ms)
			RebuildScriptCaches (44ms)
			SetupLoadedEditorAssemblies (448ms)
				LogAssemblyErrors (0ms)
				InitializePlatformSupportModulesInManaged (6ms)
				SetLoadedEditorAssemblies (0ms)
				RefreshPlugins (1ms)
				BeforeProcessingInitializeOnLoad (73ms)
				ProcessInitializeOnLoadAttributes (362ms)
				ProcessInitializeOnLoadMethodAttributes (3ms)
				AfterProcessingInitializeOnLoad (2ms)
				EditorAssembliesLoaded (1ms)
			ExecutionOrderSort2 (0ms)
			AwakeInstancesAfterBackupRestoration (6ms)
Platform modules already initialized, skipping
Refreshing native plugins compatible for Editor in 0.49 ms, found 3 plugins.
Preloading 0 native plugins for Editor in 0.00 ms.
Unloading 1852 Unused Serialized files (Serialized files now loaded: 0)
System memory in use before: 89.0 MB.
System memory in use after: 89.1 MB.

Unloading 90 unused Assets to reduce memory usage. Loaded Objects now: 2290.
Total: 3.407300 ms (FindLiveObjects: 0.249500 ms CreateObjectMapping: 0.046300 ms MarkObjects: 3.053900 ms  DeleteObjects: 0.055500 ms)

AssetImportParameters requested are different than current active one (requested -> active):
  custom:framework-win-MediaFoundation: 216162199b28c13a410421893ffa2e32 -> 
  custom:video-decoder-ogg-theora: a1e56fd34408186e4bbccfd4996cb3dc -> 
  custom:container-muxer-webm: aa71ff27fc2769a1b78a27578f13a17b -> 
  custom:container-demuxer-webm: 4f35f7cbe854078d1ac9338744f61a02 -> 
  custom:container-demuxer-ogg: 62fdf1f143b41e24485cea50d1cbac27 -> 
  custom:video-encoder-webm-vp8: eb34c28f22e8b96e1ab97ce403110664 -> 
  custom:video-codec-MediaFoundation-h265: 746d11721c4dcdbdad8f713fa42b33f4 -> 
  custom:video-decoder-webm-vp8: 9c59270c3fd7afecdb556c50c9e8de78 -> 
  custom:audio-decoder-ogg-vorbis: bf7c407c2cedff20999df2af8eb42d56 -> 
  custom:audio-encoder-webm-vorbis: bf7c407c2cedff20999df2af8eb42d56 -> 
========================================================================
Received Prepare
Registering precompiled user dll's ...
Registered in 0.006510 seconds.
Begin MonoManager ReloadAssembly
Native extension for WindowsStandalone target not found
Refreshing native plugins compatible for Editor in 0.59 ms, found 3 plugins.
Preloading 0 native plugins for Editor in 0.00 ms.
Mono: successfully reloaded assembly
- Completed reload, in  1.113 seconds
Domain Reload Profiling:
	ReloadAssembly (1114ms)
		BeginReloadAssembly (131ms)
			ExecutionOrderSort (0ms)
			DisableScriptedObjects (4ms)
			BackupInstance (0ms)
			ReleaseScriptingObjects (0ms)
			CreateAndSetChildDomain (37ms)
		EndReloadAssembly (932ms)
			LoadAssemblies (112ms)
			RebuildTransferFunctionScriptingTraits (0ms)
			SetupTypeCache (276ms)
			ReleaseScriptCaches (1ms)
			RebuildScriptCaches (44ms)
			SetupLoadedEditorAssemblies (440ms)
				LogAssemblyErrors (0ms)
				InitializePlatformSupportModulesInManaged (5ms)
				SetLoadedEditorAssemblies (0ms)
				RefreshPlugins (1ms)
				BeforeProcessingInitializeOnLoad (76ms)
				ProcessInitializeOnLoadAttributes (352ms)
				ProcessInitializeOnLoadMethodAttributes (4ms)
				AfterProcessingInitializeOnLoad (3ms)
				EditorAssembliesLoaded (0ms)
			ExecutionOrderSort2 (0ms)
			AwakeInstancesAfterBackupRestoration (7ms)
Platform modules already initialized, skipping
Refreshing native plugins compatible for Editor in 0.56 ms, found 3 plugins.
Preloading 0 native plugins for Editor in 0.00 ms.
Unloading 1902 Unused Serialized files (Serialized files now loaded: 0)
System memory in use before: 90.0 MB.
System memory in use after: 90.1 MB.

Unloading 24 unused Assets to reduce memory usage. Loaded Objects now: 2340.
Total: 2.961800 ms (FindLiveObjects: 0.186000 ms CreateObjectMapping: 0.041300 ms MarkObjects: 2.715500 ms  DeleteObjects: 0.017700 ms)

AssetImportParameters requested are different than current active one (requested -> active):
  custom:framework-win-MediaFoundation: 216162199b28c13a410421893ffa2e32 -> 
  custom:video-decoder-ogg-theora: a1e56fd34408186e4bbccfd4996cb3dc -> 
  custom:container-muxer-webm: aa71ff27fc2769a1b78a27578f13a17b -> 
  custom:container-demuxer-webm: 4f35f7cbe854078d1ac9338744f61a02 -> 
  custom:container-demuxer-ogg: 62fdf1f143b41e24485cea50d1cbac27 -> 
  custom:video-encoder-webm-vp8: eb34c28f22e8b96e1ab97ce403110664 -> 
  custom:video-codec-MediaFoundation-h265: 746d11721c4dcdbdad8f713fa42b33f4 -> 
  custom:video-decoder-webm-vp8: 9c59270c3fd7afecdb556c50c9e8de78 -> 
  custom:audio-decoder-ogg-vorbis: bf7c407c2cedff20999df2af8eb42d56 -> 
  custom:audio-encoder-webm-vorbis: bf7c407c2cedff20999df2af8eb42d56 -> 
========================================================================
Received Import Request.
  Time since last request: 360.078332 seconds.
  path: Assets/Scenes
  artifactKey: Guid(9d1f09635624c2a44a3f39f11df39894) Importer(815301076,1909f56bfc062723c751e8b465ee728b)
Start importing Assets/Scenes using Guid(9d1f09635624c2a44a3f39f11df39894) Importer(815301076,1909f56bfc062723c751e8b465ee728b)  -> (artifact id: 'c006c1e0418d39992f07c350652a8cd5') in 0.006153 seconds 
  Import took 0.008786 seconds .

========================================================================
Received Import Request.
  Time since last request: 2.244445 seconds.
  path: Assets/Assets/ML-Agents
  artifactKey: Guid(11630fa83cc8b4194b94352e3e6cdb9d) Importer(815301076,1909f56bfc062723c751e8b465ee728b)
Start importing Assets/Assets/ML-Agents using Guid(11630fa83cc8b4194b94352e3e6cdb9d) Importer(815301076,1909f56bfc062723c751e8b465ee728b)  -> (artifact id: '18edce641eb90c85a8d6da9862853517') in 0.005139 seconds 
  Import took 0.008147 seconds .

========================================================================
Received Import Request.
  Time since last request: 5.435034 seconds.
  path: Assets/Assets/ML-Agents/Examples/3DBall/Scenes/3DBall.unity
  artifactKey: Guid(b9ac0cbf961bf4dacbfa0aa9c0d60aaa) Importer(815301076,1909f56bfc062723c751e8b465ee728b)
Start importing Assets/Assets/ML-Agents/Examples/3DBall/Scenes/3DBall.unity using Guid(b9ac0cbf961bf4dacbfa0aa9c0d60aaa) Importer(815301076,1909f56bfc062723c751e8b465ee728b)  -> (artifact id: '24986308338a5033418753ac68271527') in 0.011153 seconds 
  Import took 0.013995 seconds .

========================================================================
Received Import Request.
  Time since last request: 15.942939 seconds.
  path: Assets/Assets/ML-Agents/Examples/3DBall/Prefabs
  artifactKey: Guid(7f76e451b3030e54eac0f7c5488d22e9) Importer(815301076,1909f56bfc062723c751e8b465ee728b)
Start importing Assets/Assets/ML-Agents/Examples/3DBall/Prefabs using Guid(7f76e451b3030e54eac0f7c5488d22e9) Importer(815301076,1909f56bfc062723c751e8b465ee728b)  -> (artifact id: '3a4ea44ff0298a3c070dde729e20ea22') in 0.003749 seconds 
  Import took 0.006572 seconds .

========================================================================
Received Import Request.
  Time since last request: 3.457604 seconds.
  path: Assets/Assets/ML-Agents/Examples/Basic
  artifactKey: Guid(d289c718ca5a54cdfae185081c259106) Importer(815301076,1909f56bfc062723c751e8b465ee728b)
Start importing Assets/Assets/ML-Agents/Examples/Basic using Guid(d289c718ca5a54cdfae185081c259106) Importer(815301076,1909f56bfc062723c751e8b465ee728b)  -> (artifact id: '2f8cf4adf514ae20dce31813cc944d4b') in 0.003983 seconds 
  Import took 0.007275 seconds .

========================================================================
Received Prepare
Registering precompiled user dll's ...
Registered in 0.007276 seconds.
Begin MonoManager ReloadAssembly
Native extension for WindowsStandalone target not found
Refreshing native plugins compatible for Editor in 0.55 ms, found 3 plugins.
Preloading 0 native plugins for Editor in 0.00 ms.
Mono: successfully reloaded assembly
- Completed reload, in  1.142 seconds
Domain Reload Profiling:
	ReloadAssembly (1142ms)
		BeginReloadAssembly (135ms)
			ExecutionOrderSort (0ms)
			DisableScriptedObjects (4ms)
			BackupInstance (0ms)
			ReleaseScriptingObjects (0ms)
			CreateAndSetChildDomain (39ms)
		EndReloadAssembly (958ms)
			LoadAssemblies (121ms)
			RebuildTransferFunctionScriptingTraits (0ms)
			SetupTypeCache (291ms)
			ReleaseScriptCaches (1ms)
			RebuildScriptCaches (42ms)
			SetupLoadedEditorAssemblies (450ms)
				LogAssemblyErrors (0ms)
				InitializePlatformSupportModulesInManaged (5ms)
				SetLoadedEditorAssemblies (0ms)
				RefreshPlugins (1ms)
				BeforeProcessingInitializeOnLoad (73ms)
				ProcessInitializeOnLoadAttributes (365ms)
				ProcessInitializeOnLoadMethodAttributes (4ms)
				AfterProcessingInitializeOnLoad (2ms)
				EditorAssembliesLoaded (0ms)
			ExecutionOrderSort2 (0ms)
			AwakeInstancesAfterBackupRestoration (6ms)
Platform modules already initialized, skipping
Refreshing native plugins compatible for Editor in 0.51 ms, found 3 plugins.
Preloading 0 native plugins for Editor in 0.00 ms.
Unloading 1902 Unused Serialized files (Serialized files now loaded: 0)
System memory in use before: 90.0 MB.
System memory in use after: 90.1 MB.

Unloading 24 unused Assets to reduce memory usage. Loaded Objects now: 2342.
Total: 3.530100 ms (FindLiveObjects: 0.210600 ms CreateObjectMapping: 0.041500 ms MarkObjects: 3.250600 ms  DeleteObjects: 0.026000 ms)

AssetImportParameters requested are different than current active one (requested -> active):
  custom:framework-win-MediaFoundation: 216162199b28c13a410421893ffa2e32 -> 
  custom:video-decoder-ogg-theora: a1e56fd34408186e4bbccfd4996cb3dc -> 
  custom:container-muxer-webm: aa71ff27fc2769a1b78a27578f13a17b -> 
  custom:container-demuxer-webm: 4f35f7cbe854078d1ac9338744f61a02 -> 
  custom:container-demuxer-ogg: 62fdf1f143b41e24485cea50d1cbac27 -> 
  custom:video-encoder-webm-vp8: eb34c28f22e8b96e1ab97ce403110664 -> 
  custom:video-codec-MediaFoundation-h265: 746d11721c4dcdbdad8f713fa42b33f4 -> 
  custom:video-decoder-webm-vp8: 9c59270c3fd7afecdb556c50c9e8de78 -> 
  custom:audio-decoder-ogg-vorbis: bf7c407c2cedff20999df2af8eb42d56 -> 
  custom:audio-encoder-webm-vorbis: bf7c407c2cedff20999df2af8eb42d56 -> 
========================================================================
Received Import Request.
  Time since last request: 15.025384 seconds.
  path: Assets/Assets/ML-Agents/Examples/Basic/Scenes
  artifactKey: Guid(8df24456c56c94dc3ac5091161221c29) Importer(815301076,1909f56bfc062723c751e8b465ee728b)
Start importing Assets/Assets/ML-Agents/Examples/Basic/Scenes using Guid(8df24456c56c94dc3ac5091161221c29) Importer(815301076,1909f56bfc062723c751e8b465ee728b)  -> (artifact id: '8dd5036b0713c8c3d5d1c582c0fa6982') in 0.005980 seconds 
  Import took 0.008575 seconds .

========================================================================
Received Import Request.
  Time since last request: 0.000159 seconds.
  path: Assets/Assets/ML-Agents/Examples/Basic/Scenes/Basic.unity
  artifactKey: Guid(cf1d119a8748d406e90ecb623b45f92f) Importer(815301076,1909f56bfc062723c751e8b465ee728b)
Start importing Assets/Assets/ML-Agents/Examples/Basic/Scenes/Basic.unity using Guid(cf1d119a8748d406e90ecb623b45f92f) Importer(815301076,1909f56bfc062723c751e8b465ee728b)  -> (artifact id: '90ffd668e7d6cb56ad5a2db55e6c1640') in 0.012286 seconds 
  Import took 0.014825 seconds .

========================================================================
Received Import Request.
  Time since last request: 154.257208 seconds.
  path: Assets/Assets/ML-Agents/Examples/Crawler/Scenes/CrawlerStaticTarget.unity
  artifactKey: Guid(d9a4e7d08037d49c895555d4fe344764) Importer(815301076,1909f56bfc062723c751e8b465ee728b)
Start importing Assets/Assets/ML-Agents/Examples/Crawler/Scenes/CrawlerStaticTarget.unity using Guid(d9a4e7d08037d49c895555d4fe344764) Importer(815301076,1909f56bfc062723c751e8b465ee728b)  -> (artifact id: '888d15d6a36399f52242c2d93d39e06b') in 0.006029 seconds 
  Import took 0.010485 seconds .

========================================================================
Received Import Request.
  Time since last request: 0.004297 seconds.
  path: Assets/Assets/ML-Agents/Examples/Crawler/Scenes/CrawlerStaticTarget.unity
  artifactKey: Guid(d9a4e7d08037d49c895555d4fe344764) Importer(815301076,1909f56bfc062723c751e8b465ee728b)
Start importing Assets/Assets/ML-Agents/Examples/Crawler/Scenes/CrawlerStaticTarget.unity using Guid(d9a4e7d08037d49c895555d4fe344764) Importer(815301076,1909f56bfc062723c751e8b465ee728b)  -> (artifact id: '888d15d6a36399f52242c2d93d39e06b') in 0.006534 seconds 
  Import took 0.010397 seconds .

========================================================================
Received Import Request.
  Time since last request: 0.894529 seconds.
  path: Assets/Assets/ML-Agents/Examples/Crawler/Scenes/CrawlerDynamicTarget.unity
  artifactKey: Guid(cb09636e2bfd74254939fe22b12c28e1) Importer(815301076,1909f56bfc062723c751e8b465ee728b)
Start importing Assets/Assets/ML-Agents/Examples/Crawler/Scenes/CrawlerDynamicTarget.unity using Guid(cb09636e2bfd74254939fe22b12c28e1) Importer(815301076,1909f56bfc062723c751e8b465ee728b)  -> (artifact id: 'becf1c8ad2c642405ec3cd074997c8ee') in 0.004987 seconds 
  Import took 0.008531 seconds .

========================================================================
Received Prepare
Registering precompiled user dll's ...
Registered in 0.008220 seconds.
Begin MonoManager ReloadAssembly
Native extension for WindowsStandalone target not found
Refreshing native plugins compatible for Editor in 0.55 ms, found 3 plugins.
Preloading 0 native plugins for Editor in 0.00 ms.
Mono: successfully reloaded assembly
- Completed reload, in  1.168 seconds
Domain Reload Profiling:
	ReloadAssembly (1169ms)
		BeginReloadAssembly (160ms)
			ExecutionOrderSort (0ms)
			DisableScriptedObjects (5ms)
			BackupInstance (0ms)
			ReleaseScriptingObjects (0ms)
			CreateAndSetChildDomain (51ms)
		EndReloadAssembly (957ms)
			LoadAssemblies (125ms)
			RebuildTransferFunctionScriptingTraits (0ms)
			SetupTypeCache (255ms)
			ReleaseScriptCaches (1ms)
			RebuildScriptCaches (43ms)
			SetupLoadedEditorAssemblies (482ms)
				LogAssemblyErrors (0ms)
				InitializePlatformSupportModulesInManaged (5ms)
				SetLoadedEditorAssemblies (0ms)
				RefreshPlugins (1ms)
				BeforeProcessingInitializeOnLoad (70ms)
				ProcessInitializeOnLoadAttributes (401ms)
				ProcessInitializeOnLoadMethodAttributes (4ms)
				AfterProcessingInitializeOnLoad (2ms)
				EditorAssembliesLoaded (0ms)
			ExecutionOrderSort2 (0ms)
			AwakeInstancesAfterBackupRestoration (6ms)
Platform modules already initialized, skipping
Refreshing native plugins compatible for Editor in 0.62 ms, found 3 plugins.
Preloading 0 native plugins for Editor in 0.00 ms.
Unloading 1902 Unused Serialized files (Serialized files now loaded: 0)
System memory in use before: 90.1 MB.
System memory in use after: 90.2 MB.

Unloading 24 unused Assets to reduce memory usage. Loaded Objects now: 2344.
Total: 4.016400 ms (FindLiveObjects: 0.309800 ms CreateObjectMapping: 0.047000 ms MarkObjects: 3.629800 ms  DeleteObjects: 0.027700 ms)

AssetImportParameters requested are different than current active one (requested -> active):
  custom:framework-win-MediaFoundation: 216162199b28c13a410421893ffa2e32 -> 
  custom:video-decoder-ogg-theora: a1e56fd34408186e4bbccfd4996cb3dc -> 
  custom:container-muxer-webm: aa71ff27fc2769a1b78a27578f13a17b -> 
  custom:container-demuxer-webm: 4f35f7cbe854078d1ac9338744f61a02 -> 
  custom:container-demuxer-ogg: 62fdf1f143b41e24485cea50d1cbac27 -> 
  custom:video-encoder-webm-vp8: eb34c28f22e8b96e1ab97ce403110664 -> 
  custom:video-codec-MediaFoundation-h265: 746d11721c4dcdbdad8f713fa42b33f4 -> 
  custom:video-decoder-webm-vp8: 9c59270c3fd7afecdb556c50c9e8de78 -> 
  custom:audio-decoder-ogg-vorbis: bf7c407c2cedff20999df2af8eb42d56 -> 
  custom:audio-encoder-webm-vorbis: bf7c407c2cedff20999df2af8eb42d56 -> 
AssetImportWorkerClient::OnTransportError - code=2 error=End of file
