Using pre-set license
Built from '2020.3/staging' branch; Version is '2020.3.18f1 (a7d1c678663c) revision 10998214'; Using compiler version '192528614'; Build Type 'Release'
OS: 'Windows 10 Pro; OS build 19042.1466; Version 2009; 64bit' Language: 'en' Physical Memory: 32680 MB
BatchMode: 1, IsHumanControllingUs: 0, StartBugReporterOnCrash: 0, Is64bit: 1, IsPro: 0

COMMAND LINE ARGUMENTS:
e:\Unity\2020.3.18f1\Editor\Unity.exe
-adb2
-batchMode
-noUpm
-name
AssetImportWorker0
-projectPath
E:/desk/Git/UnityML-Driving/UnityML-Driving
-logFile
Logs/AssetImportWorker0.log
-srvPort
61330
Successfully changed project path to: E:/desk/Git/UnityML-Driving/UnityML-Driving
E:/desk/Git/UnityML-Driving/UnityML-Driving
Using Asset Import Pipeline V2.
Refreshing native plugins compatible for Editor in 35.07 ms, found 3 plugins.
Preloading 0 native plugins for Editor in 0.00 ms.
Initialize engine version: 2020.3.18f1 (a7d1c678663c)
[Subsystems] Discovering subsystems at path e:/Unity/2020.3.18f1/Editor/Data/Resources/UnitySubsystems
[Subsystems] Discovering subsystems at path E:/desk/Git/UnityML-Driving/UnityML-Driving/Assets
GfxDevice: creating device client; threaded=0
Direct3D:
    Version:  Direct3D 11.0 [level 11.1]
    Renderer: NVIDIA GeForce RTX 3080 (ID=0x2206)
    Vendor:   
    VRAM:     10077 MB
    Driver:   30.0.15.1117
Initialize mono
Mono path[0] = 'e:/Unity/2020.3.18f1/Editor/Data/Managed'
Mono path[1] = 'e:/Unity/2020.3.18f1/Editor/Data/MonoBleedingEdge/lib/mono/unityjit'
Mono config path = 'e:/Unity/2020.3.18f1/Editor/Data/MonoBleedingEdge/etc'
Using monoOptions --debugger-agent=transport=dt_socket,embedding=1,server=y,suspend=n,address=127.0.0.1:56100
Begin MonoManager ReloadAssembly
Registering precompiled unity dll's ...
Register platform support module: e:/Unity/2020.3.18f1/Editor/Data/PlaybackEngines/WindowsStandaloneSupport/UnityEditor.WindowsStandalone.Extensions.dll
Registered in 0.001814 seconds.
Native extension for WindowsStandalone target not found
Refreshing native plugins compatible for Editor in 31.59 ms, found 3 plugins.
Preloading 0 native plugins for Editor in 0.00 ms.
Mono: successfully reloaded assembly
- Completed reload, in  1.294 seconds
Domain Reload Profiling:
	ReloadAssembly (1294ms)
		BeginReloadAssembly (56ms)
			ExecutionOrderSort (0ms)
			DisableScriptedObjects (0ms)
			BackupInstance (0ms)
			ReleaseScriptingObjects (0ms)
			CreateAndSetChildDomain (1ms)
		EndReloadAssembly (380ms)
			LoadAssemblies (56ms)
			RebuildTransferFunctionScriptingTraits (0ms)
			SetupTypeCache (134ms)
			ReleaseScriptCaches (0ms)
			RebuildScriptCaches (34ms)
			SetupLoadedEditorAssemblies (148ms)
				LogAssemblyErrors (0ms)
				InitializePlatformSupportModulesInManaged (4ms)
				SetLoadedEditorAssemblies (0ms)
				RefreshPlugins (32ms)
				BeforeProcessingInitializeOnLoad (15ms)
				ProcessInitializeOnLoadAttributes (73ms)
				ProcessInitializeOnLoadMethodAttributes (24ms)
				AfterProcessingInitializeOnLoad (0ms)
				EditorAssembliesLoaded (0ms)
			ExecutionOrderSort2 (0ms)
			AwakeInstancesAfterBackupRestoration (0ms)
Platform modules already initialized, skipping
Registering precompiled user dll's ...
Registered in 0.005271 seconds.
Begin MonoManager ReloadAssembly
Native extension for WindowsStandalone target not found
Refreshing native plugins compatible for Editor in 29.77 ms, found 3 plugins.
Preloading 0 native plugins for Editor in 0.00 ms.
Mono: successfully reloaded assembly
- Completed reload, in  1.676 seconds
Domain Reload Profiling:
	ReloadAssembly (1677ms)
		BeginReloadAssembly (135ms)
			ExecutionOrderSort (0ms)
			DisableScriptedObjects (5ms)
			BackupInstance (0ms)
			ReleaseScriptingObjects (0ms)
			CreateAndSetChildDomain (17ms)
		EndReloadAssembly (1492ms)
			LoadAssemblies (92ms)
			RebuildTransferFunctionScriptingTraits (0ms)
			SetupTypeCache (259ms)
			ReleaseScriptCaches (1ms)
			RebuildScriptCaches (53ms)
			SetupLoadedEditorAssemblies (995ms)
				LogAssemblyErrors (0ms)
				InitializePlatformSupportModulesInManaged (3ms)
				SetLoadedEditorAssemblies (0ms)
				RefreshPlugins (30ms)
				BeforeProcessingInitializeOnLoad (63ms)
				ProcessInitializeOnLoadAttributes (893ms)
				ProcessInitializeOnLoadMethodAttributes (4ms)
				AfterProcessingInitializeOnLoad (2ms)
				EditorAssembliesLoaded (0ms)
			ExecutionOrderSort2 (0ms)
			AwakeInstancesAfterBackupRestoration (6ms)
Platform modules already initialized, skipping
========================================================================
Worker process is ready to serve import requests
Launched and connected shader compiler UnityShaderCompiler.exe after 0.06 seconds
Refreshing native plugins compatible for Editor in 0.46 ms, found 3 plugins.
Preloading 0 native plugins for Editor in 0.00 ms.
Unloading 1858 Unused Serialized files (Serialized files now loaded: 0)
System memory in use before: 86.9 MB.
System memory in use after: 87.0 MB.

Unloading 29 unused Assets to reduce memory usage. Loaded Objects now: 2280.
Total: 3.177100 ms (FindLiveObjects: 0.201100 ms CreateObjectMapping: 0.040500 ms MarkObjects: 2.857200 ms  DeleteObjects: 0.077000 ms)

AssetImportParameters requested are different than current active one (requested -> active):
  custom:framework-win-MediaFoundation: 216162199b28c13a410421893ffa2e32 -> 
  custom:video-decoder-ogg-theora: a1e56fd34408186e4bbccfd4996cb3dc -> 
  custom:container-muxer-webm: aa71ff27fc2769a1b78a27578f13a17b -> 
  custom:container-demuxer-webm: 4f35f7cbe854078d1ac9338744f61a02 -> 
  custom:container-demuxer-ogg: 62fdf1f143b41e24485cea50d1cbac27 -> 
  custom:video-encoder-webm-vp8: eb34c28f22e8b96e1ab97ce403110664 -> 
  custom:video-codec-MediaFoundation-h265: 746d11721c4dcdbdad8f713fa42b33f4 -> 
  custom:video-decoder-webm-vp8: 9c59270c3fd7afecdb556c50c9e8de78 -> 
  custom:audio-decoder-ogg-vorbis: bf7c407c2cedff20999df2af8eb42d56 -> 
  custom:audio-encoder-webm-vorbis: bf7c407c2cedff20999df2af8eb42d56 -> 
========================================================================
Received Import Request.
  path: Assets/Scenes/SampleScene.unity
  artifactKey: Guid(9fc0d4010bbf28b4594072e72b8655ab) Importer(815301076,1909f56bfc062723c751e8b465ee728b)
Start importing Assets/Scenes/SampleScene.unity using Guid(9fc0d4010bbf28b4594072e72b8655ab) Importer(815301076,1909f56bfc062723c751e8b465ee728b)  -> (artifact id: '85059f4f9e1a832ed95adaa0d25c5c4c') in 0.013561 seconds 
  Import took 0.016074 seconds .

========================================================================
Received Import Request.
  Time since last request: 218.309919 seconds.
  path: Assets/Sample/Assets/ML-Agents
  artifactKey: Guid(11630fa83cc8b4194b94352e3e6cdb9d) Importer(815301076,1909f56bfc062723c751e8b465ee728b)
Start importing Assets/Sample/Assets/ML-Agents using Guid(11630fa83cc8b4194b94352e3e6cdb9d) Importer(815301076,1909f56bfc062723c751e8b465ee728b)  -> (artifact id: '18edce641eb90c85a8d6da9862853517') in 0.002589 seconds 
  Import took 0.005976 seconds .

========================================================================
Received Import Request.
  Time since last request: 1.556400 seconds.
  path: Assets/Sample/Assets/ML-Agents/Examples
  artifactKey: Guid(6584f096f53dc43eeb32803b91f36c5c) Importer(815301076,1909f56bfc062723c751e8b465ee728b)
Start importing Assets/Sample/Assets/ML-Agents/Examples using Guid(6584f096f53dc43eeb32803b91f36c5c) Importer(815301076,1909f56bfc062723c751e8b465ee728b)  -> (artifact id: '6d173da568a635dbb4fef73952221612') in 0.002533 seconds 
  Import took 0.005124 seconds .

========================================================================
Received Import Request.
  Time since last request: 0.561558 seconds.
  path: Assets/Sample/Assets/ML-Agents/TestScenes
  artifactKey: Guid(73f290de2bb5d4009a3831255f1f5d0f) Importer(815301076,1909f56bfc062723c751e8b465ee728b)
Start importing Assets/Sample/Assets/ML-Agents/TestScenes using Guid(73f290de2bb5d4009a3831255f1f5d0f) Importer(815301076,1909f56bfc062723c751e8b465ee728b)  -> (artifact id: '1504f91416a4560a9fdf6f319fbbe514') in 0.003797 seconds 
  Import took 0.006599 seconds .

========================================================================
Received Import Request.
  Time since last request: 28.959614 seconds.
  path: Assets/Sample/Assets/ML-Agents/TestScenes/New Terrain Layer.terrainlayer
  artifactKey: Guid(11228edbcb0346d449be40dd4e3b6329) Importer(815301076,1909f56bfc062723c751e8b465ee728b)
Start importing Assets/Sample/Assets/ML-Agents/TestScenes/New Terrain Layer.terrainlayer using Guid(11228edbcb0346d449be40dd4e3b6329) Importer(815301076,1909f56bfc062723c751e8b465ee728b)  -> (artifact id: '22a95963846dd76b3e8f87d0c72a61b4') in 0.072958 seconds 
  Import took 0.078788 seconds .

========================================================================
Received Prepare
Registering precompiled user dll's ...
Registered in 0.005602 seconds.
Begin MonoManager ReloadAssembly
Native extension for WindowsStandalone target not found
Refreshing native plugins compatible for Editor in 0.56 ms, found 3 plugins.
Preloading 0 native plugins for Editor in 0.00 ms.
Mono: successfully reloaded assembly
- Completed reload, in  1.133 seconds
Domain Reload Profiling:
	ReloadAssembly (1133ms)
		BeginReloadAssembly (146ms)
			ExecutionOrderSort (0ms)
			DisableScriptedObjects (5ms)
			BackupInstance (0ms)
			ReleaseScriptingObjects (0ms)
			CreateAndSetChildDomain (44ms)
		EndReloadAssembly (933ms)
			LoadAssemblies (108ms)
			RebuildTransferFunctionScriptingTraits (0ms)
			SetupTypeCache (262ms)
			ReleaseScriptCaches (1ms)
			RebuildScriptCaches (44ms)
			SetupLoadedEditorAssemblies (447ms)
				LogAssemblyErrors (0ms)
				InitializePlatformSupportModulesInManaged (5ms)
				SetLoadedEditorAssemblies (0ms)
				RefreshPlugins (1ms)
				BeforeProcessingInitializeOnLoad (74ms)
				ProcessInitializeOnLoadAttributes (360ms)
				ProcessInitializeOnLoadMethodAttributes (5ms)
				AfterProcessingInitializeOnLoad (2ms)
				EditorAssembliesLoaded (0ms)
			ExecutionOrderSort2 (0ms)
			AwakeInstancesAfterBackupRestoration (7ms)
Platform modules already initialized, skipping
Refreshing native plugins compatible for Editor in 0.49 ms, found 3 plugins.
Preloading 0 native plugins for Editor in 0.00 ms.
Unloading 1852 Unused Serialized files (Serialized files now loaded: 0)
System memory in use before: 89.8 MB.
System memory in use after: 89.9 MB.

Unloading 24 unused Assets to reduce memory usage. Loaded Objects now: 2285.
Total: 3.444100 ms (FindLiveObjects: 0.223500 ms CreateObjectMapping: 0.041600 ms MarkObjects: 3.150700 ms  DeleteObjects: 0.026400 ms)

AssetImportParameters requested are different than current active one (requested -> active):
  custom:framework-win-MediaFoundation: 216162199b28c13a410421893ffa2e32 -> 
  custom:video-decoder-ogg-theora: a1e56fd34408186e4bbccfd4996cb3dc -> 
  custom:container-muxer-webm: aa71ff27fc2769a1b78a27578f13a17b -> 
  custom:container-demuxer-webm: 4f35f7cbe854078d1ac9338744f61a02 -> 
  custom:container-demuxer-ogg: 62fdf1f143b41e24485cea50d1cbac27 -> 
  custom:video-encoder-webm-vp8: eb34c28f22e8b96e1ab97ce403110664 -> 
  custom:video-codec-MediaFoundation-h265: 746d11721c4dcdbdad8f713fa42b33f4 -> 
  custom:video-decoder-webm-vp8: 9c59270c3fd7afecdb556c50c9e8de78 -> 
  custom:audio-decoder-ogg-vorbis: bf7c407c2cedff20999df2af8eb42d56 -> 
  custom:audio-encoder-webm-vorbis: bf7c407c2cedff20999df2af8eb42d56 -> 
========================================================================
Received Prepare
Registering precompiled user dll's ...
Registered in 0.005933 seconds.
Begin MonoManager ReloadAssembly
Native extension for WindowsStandalone target not found
Refreshing native plugins compatible for Editor in 0.52 ms, found 3 plugins.
Preloading 0 native plugins for Editor in 0.00 ms.
Mono: successfully reloaded assembly
- Completed reload, in  1.072 seconds
Domain Reload Profiling:
	ReloadAssembly (1072ms)
		BeginReloadAssembly (132ms)
			ExecutionOrderSort (0ms)
			DisableScriptedObjects (4ms)
			BackupInstance (0ms)
			ReleaseScriptingObjects (0ms)
			CreateAndSetChildDomain (35ms)
		EndReloadAssembly (884ms)
			LoadAssemblies (112ms)
			RebuildTransferFunctionScriptingTraits (0ms)
			SetupTypeCache (255ms)
			ReleaseScriptCaches (1ms)
			RebuildScriptCaches (41ms)
			SetupLoadedEditorAssemblies (409ms)
				LogAssemblyErrors (0ms)
				InitializePlatformSupportModulesInManaged (4ms)
				SetLoadedEditorAssemblies (0ms)
				RefreshPlugins (1ms)
				BeforeProcessingInitializeOnLoad (71ms)
				ProcessInitializeOnLoadAttributes (326ms)
				ProcessInitializeOnLoadMethodAttributes (4ms)
				AfterProcessingInitializeOnLoad (2ms)
				EditorAssembliesLoaded (0ms)
			ExecutionOrderSort2 (0ms)
			AwakeInstancesAfterBackupRestoration (8ms)
Platform modules already initialized, skipping
Refreshing native plugins compatible for Editor in 0.96 ms, found 3 plugins.
Preloading 0 native plugins for Editor in 0.00 ms.
Unloading 1852 Unused Serialized files (Serialized files now loaded: 0)
System memory in use before: 89.9 MB.
System memory in use after: 90.0 MB.

Unloading 24 unused Assets to reduce memory usage. Loaded Objects now: 2287.
Total: 3.510100 ms (FindLiveObjects: 0.241800 ms CreateObjectMapping: 0.045700 ms MarkObjects: 3.193600 ms  DeleteObjects: 0.026700 ms)

AssetImportParameters requested are different than current active one (requested -> active):
  custom:framework-win-MediaFoundation: 216162199b28c13a410421893ffa2e32 -> 
  custom:video-decoder-ogg-theora: a1e56fd34408186e4bbccfd4996cb3dc -> 
  custom:container-muxer-webm: aa71ff27fc2769a1b78a27578f13a17b -> 
  custom:container-demuxer-webm: 4f35f7cbe854078d1ac9338744f61a02 -> 
  custom:container-demuxer-ogg: 62fdf1f143b41e24485cea50d1cbac27 -> 
  custom:video-encoder-webm-vp8: eb34c28f22e8b96e1ab97ce403110664 -> 
  custom:video-codec-MediaFoundation-h265: 746d11721c4dcdbdad8f713fa42b33f4 -> 
  custom:video-decoder-webm-vp8: 9c59270c3fd7afecdb556c50c9e8de78 -> 
  custom:audio-decoder-ogg-vorbis: bf7c407c2cedff20999df2af8eb42d56 -> 
  custom:audio-encoder-webm-vorbis: bf7c407c2cedff20999df2af8eb42d56 -> 
========================================================================
Received Import Request.
  Time since last request: 85.117407 seconds.
  path: Assets/ML-Agents/Examples/GridFoodCollector.onnx
  artifactKey: Guid(49be8866460a44d34b25fe7a67208eaa) Importer(815301076,1909f56bfc062723c751e8b465ee728b)
Start importing Assets/ML-Agents/Examples/GridFoodCollector.onnx using Guid(49be8866460a44d34b25fe7a67208eaa) Importer(815301076,1909f56bfc062723c751e8b465ee728b) NullReferenceException
  at (wrapper managed-to-native) UnityEditor.EditorUtility.CopySerialized(UnityEngine.Object,UnityEngine.Object)
  at Unity.Barracuda.NNModelEditor.RenderStaticPreview (System.String assetPath, UnityEngine.Object[] subAssets, System.Int32 width, System.Int32 height) [0x0000a] in E:\desk\Git\UnityML-Driving\UnityML-Driving\Library\PackageCache\com.unity.barracuda@1.0.4\Barracuda\Editor\ONNXModelImporterEditor.cs:85 
  at UnityEditor.AssetPreviewUpdater.CreatePreviewForAsset (UnityEngine.Object obj, UnityEngine.Object[] subAssets, System.String assetPath) [0x0008a] in <5ad584e208e14caaa9e6b2e6027e9204>:0 

 -> (artifact id: '22b36e5c0996607526e50ff6cc6208cb') in 0.058130 seconds 
  Import took 0.061129 seconds .

========================================================================
Received Import Request.
  Time since last request: 2.494527 seconds.
  path: Assets/ML-Agents/Examples/3DBall
  artifactKey: Guid(f8097eaa1623c4a8ab4eff559e20fedb) Importer(815301076,1909f56bfc062723c751e8b465ee728b)
Start importing Assets/ML-Agents/Examples/3DBall using Guid(f8097eaa1623c4a8ab4eff559e20fedb) Importer(815301076,1909f56bfc062723c751e8b465ee728b)  -> (artifact id: '8dafda3744717a2056d19767d198e0d8') in 0.003122 seconds 
  Import took 0.006152 seconds .

========================================================================
Received Import Request.
  Time since last request: 0.006332 seconds.
  path: Assets/ML-Agents/Examples/3DBall
  artifactKey: Guid(f8097eaa1623c4a8ab4eff559e20fedb) Importer(815301076,1909f56bfc062723c751e8b465ee728b)
Start importing Assets/ML-Agents/Examples/3DBall using Guid(f8097eaa1623c4a8ab4eff559e20fedb) Importer(815301076,1909f56bfc062723c751e8b465ee728b)  -> (artifact id: '8dafda3744717a2056d19767d198e0d8') in 0.002774 seconds 
  Import took 0.005771 seconds .

========================================================================
Received Import Request.
  Time since last request: 1.565629 seconds.
  path: Assets/ML-Agents/Examples/3DBall/Scenes
  artifactKey: Guid(f4933f3f3e4b741de85835dd811541ff) Importer(815301076,1909f56bfc062723c751e8b465ee728b)
Start importing Assets/ML-Agents/Examples/3DBall/Scenes using Guid(f4933f3f3e4b741de85835dd811541ff) Importer(815301076,1909f56bfc062723c751e8b465ee728b)  -> (artifact id: 'f82150d4bf7b4b4733ec6da97f998610') in 0.003260 seconds 
  Import took 0.006288 seconds .

========================================================================
Received Import Request.
  Time since last request: 0.811766 seconds.
  path: Assets/ML-Agents/Examples/3DBall/Scenes/3DBall.unity
  artifactKey: Guid(b9ac0cbf961bf4dacbfa0aa9c0d60aaa) Importer(815301076,1909f56bfc062723c751e8b465ee728b)
Start importing Assets/ML-Agents/Examples/3DBall/Scenes/3DBall.unity using Guid(b9ac0cbf961bf4dacbfa0aa9c0d60aaa) Importer(815301076,1909f56bfc062723c751e8b465ee728b)  -> (artifact id: '4569df3c96cba0f2c780c974a7463c17') in 0.004568 seconds 
  Import took 0.007809 seconds .

========================================================================
Received Import Request.
  Time since last request: 0.000835 seconds.
  path: Assets/ML-Agents/Examples/3DBall/Scenes/3DBall.unity
  artifactKey: Guid(b9ac0cbf961bf4dacbfa0aa9c0d60aaa) Importer(815301076,1909f56bfc062723c751e8b465ee728b)
Start importing Assets/ML-Agents/Examples/3DBall/Scenes/3DBall.unity using Guid(b9ac0cbf961bf4dacbfa0aa9c0d60aaa) Importer(815301076,1909f56bfc062723c751e8b465ee728b)  -> (artifact id: '4569df3c96cba0f2c780c974a7463c17') in 0.004265 seconds 
  Import took 0.007555 seconds .

AssetImportWorkerClient::OnTransportError - code=2 error=End of file
